<?xml version="1.0" encoding="UTF-8"?>
<!-- Generated by org.testng.reporters.JUnitReportReporter -->
<testsuite skipped="0" hostname="Nirvana" name="com.ali.tests.smoketest.UiTesting" tests="2" failures="0" timestamp="2022-01-18T10:07:22 EET" time="11.586" errors="0">
  <testcase name="test01" time="0.816" classname="com.ali.tests.smoketest.UiTesting"/>
  <system-out/>
  <testcase name="test02" time="10.770" classname="com.ali.tests.smoketest.UiTesting"/>
  <system-out/>
</testsuite> <!-- com.ali.tests.smoketest.UiTesting -->
